app/build/outputs/logs/manifest-merger-release-report.txt
-- Merging decision tree log ---
manifest
ADDED from src\main\AndroidManifest.xml:2:1-61:12
	package
		ADDED from src\main\AndroidManifest.xml:3:5-38
		INJECTED from src\main\AndroidManifest.xml
		INJECTED from src\main\AndroidManifest.xml
	android:versionName
		INJECTED from src\main\AndroidManifest.xml
		INJECTED from src\main\AndroidManifest.xml
	xmlns:android
		ADDED from src\main\AndroidManifest.xml:2:11-69
	android:versionCode
		INJECTED from src\main\AndroidManifest.xml
		INJECTED from src\main\AndroidManifest.xml
supports-screens
ADDED from src\main\AndroidManifest.xml:4:5-138
	android:largeScreens
		ADDED from src\main\AndroidManifest.xml:4:53-80
	android:normalScreens
		ADDED from src\main\AndroidManifest.xml:4:81-109
	android:xlargeScreens
		ADDED from src\main\AndroidManifest.xml:4:24-52
	android:anyDensity
		ADDED from src\main\AndroidManifest.xml:4:110-135
uses-permission#android.permission.INTERNET
ADDED from src\main\AndroidManifest.xml:5:5-67
	android:name
		ADDED from src\main\AndroidManifest.xml:5:22-64
application
ADDED from src\main\AndroidManifest.xml:6:5-59:15
MERGED from [com.android.support:appcompat-v7:23.1.1] AndroidManifest.xml:22:5-20
MERGED from [com.android.support:support-v4:23.1.1] AndroidManifest.xml:22:5-20
MERGED from [com.android.support:design:23.1.1] AndroidManifest.xml:22:5-20
MERGED from [com.android.support:appcompat-v7:23.1.1] AndroidManifest.xml:22:5-20
MERGED from [com.android.support:support-v4:23.1.1] AndroidManifest.xml:22:5-20
MERGED from [com.android.support:support-v4:23.1.1] AndroidManifest.xml:22:5-20
MERGED from [com.android.support:support-v4:23.1.1] AndroidManifest.xml:22:5-20
	android:label
		ADDED from src\main\AndroidManifest.xml:9:9-41
	android:supportsRtl
		ADDED from src\main\AndroidManifest.xml:10:9-35
	android:allowBackup
		ADDED from src\main\AndroidManifest.xml:7:9-35
	android:icon
		ADDED from src\main\AndroidManifest.xml:8:9-39
	android:theme
		ADDED from src\main\AndroidManifest.xml:11:9-40
uses-library#com.sec.android.app.multiwindow
ADDED from src\main\AndroidManifest.xml:12:9-96
	android:required
		ADDED from src\main\AndroidManifest.xml:12:70-94
	android:name
		ADDED from src\main\AndroidManifest.xml:12:23-69
meta-data#com.sec.android.support.multiwindow
ADDED from src\main\AndroidManifest.xml:13:9-93
	android:value
		ADDED from src\main\AndroidManifest.xml:13:71-91
	android:name
		ADDED from src\main\AndroidManifest.xml:13:20-70
meta-data#com.sec.android.multiwindow.DEFAULT_SIZE_W
ADDED from src\main\AndroidManifest.xml:14:9-105
	android:value
		ADDED from src\main\AndroidManifest.xml:14:78-102
	android:name
		ADDED from src\main\AndroidManifest.xml:14:20-77
meta-data#com.sec.android.multiwindow.DEFAULT_SIZE_H
ADDED from src\main\AndroidManifest.xml:15:9-105
	android:value
		ADDED from src\main\AndroidManifest.xml:15:78-102
	android:name
		ADDED from src\main\AndroidManifest.xml:15:20-77
meta-data#com.sec.android.multiwindow.MINIMUM_SIZE_W
ADDED from src\main\AndroidManifest.xml:16:9-105
	android:value
		ADDED from src\main\AndroidManifest.xml:16:78-102
	android:name
		ADDED from src\main\AndroidManifest.xml:16:20-77
meta-data#com.sec.android.multiwindow.MINIMUM_SIZE_H
ADDED from src\main\AndroidManifest.xml:17:9-105
	android:value
		ADDED from src\main\AndroidManifest.xml:17:78-102
	android:name
		ADDED from src\main\AndroidManifest.xml:17:20-77
meta-data#android.max_aspect
ADDED from src\main\AndroidManifest.xml:18:9-75
	android:value
		ADDED from src\main\AndroidManifest.xml:18:54-73
	android:name
		ADDED from src\main\AndroidManifest.xml:18:20-53
activity#biz.thinkcomputers.shdc.SplashScreenActivity
ADDED from src\main\AndroidManifest.xml:20:9-26:20
	android:name
		ADDED from src\main\AndroidManifest.xml:20:19-55
intent-filter#android.intent.action.MAIN+android.intent.category.LAUNCHER+android.intent.category.MULTIWINDOW_LAUNCHER
ADDED from src\main\AndroidManifest.xml:21:13-25:29
action#android.intent.action.MAIN
ADDED from src\main\AndroidManifest.xml:22:17-69
	android:name
		ADDED from src\main\AndroidManifest.xml:22:25-66
category#android.intent.category.LAUNCHER
ADDED from src\main\AndroidManifest.xml:23:17-77
	android:name
		ADDED from src\main\AndroidManifest.xml:23:27-74
category#android.intent.category.MULTIWINDOW_LAUNCHER
ADDED from src\main\AndroidManifest.xml:24:17-89
	android:name
		ADDED from src\main\AndroidManifest.xml:24:27-86
activity#biz.thinkcomputers.shdc.LoginActivity
ADDED from src\main\AndroidManifest.xml:27:9-30:58
	android:screenOrientation
		ADDED from src\main\AndroidManifest.xml:29:13-49
	android:theme
		ADDED from src\main\AndroidManifest.xml:30:13-56
	android:name
		ADDED from src\main\AndroidManifest.xml:28:13-42
activity#biz.thinkcomputers.shdc.teacher.TeacherActivity
ADDED from src\main\AndroidManifest.xml:31:9-34:15
	android:screenOrientation
		ADDED from src\main\AndroidManifest.xml:33:13-49
	android:name
		ADDED from src\main\AndroidManifest.xml:32:13-52
activity#biz.thinkcomputers.shdc.student.StudentActivity
ADDED from src\main\AndroidManifest.xml:35:9-38:15
	android:screenOrientation
		ADDED from src\main\AndroidManifest.xml:37:13-49
	android:name
		ADDED from src\main\AndroidManifest.xml:36:13-52
activity#biz.thinkcomputers.shdc.student.StudentProfileView
ADDED from src\main\AndroidManifest.xml:39:9-41:56
	android:screenOrientation
		ADDED from src\main\AndroidManifest.xml:40:13-49
	android:windowSoftInputMode
		ADDED from src\main\AndroidManifest.xml:41:13-54
	android:name
		ADDED from src\main\AndroidManifest.xml:39:19-61
activity#biz.thinkcomputers.shdc.MarkAttendanceClassActivity
ADDED from src\main\AndroidManifest.xml:42:9-44:52
	android:screenOrientation
		ADDED from src\main\AndroidManifest.xml:44:13-49
	android:name
		ADDED from src\main\AndroidManifest.xml:43:13-56
activity#biz.thinkcomputers.shdc.MarkAttendanceStudentList
ADDED from src\main\AndroidManifest.xml:45:9-47:52
	android:screenOrientation
		ADDED from src\main\AndroidManifest.xml:47:13-49
	android:name
		ADDED from src\main\AndroidManifest.xml:46:13-54
activity#biz.thinkcomputers.shdc.teacher.viewattendance.ViewAttendanceClassActivity
ADDED from src\main\AndroidManifest.xml:48:9-50:52
	android:screenOrientation
		ADDED from src\main\AndroidManifest.xml:50:13-49
	android:name
		ADDED from src\main\AndroidManifest.xml:49:13-79
activity#biz.thinkcomputers.shdc.teacher.viewattendance.ViewClassAttendance
ADDED from src\main\AndroidManifest.xml:51:9-53:52
	android:screenOrientation
		ADDED from src\main\AndroidManifest.xml:53:13-49
	android:name
		ADDED from src\main\AndroidManifest.xml:52:13-71
activity#biz.thinkcomputers.shdc.StudentViewAttendanceDaily
ADDED from src\main\AndroidManifest.xml:54:9-56:53
	android:screenOrientation
		ADDED from src\main\AndroidManifest.xml:56:13-50
	android:name
		ADDED from src\main\AndroidManifest.xml:55:13-55
uses-sdk
INJECTED from src\main\AndroidManifest.xml reason: use-sdk injection requested
MERGED from [com.android.support:appcompat-v7:23.1.1] AndroidManifest.xml:20:5-43
MERGED from [com.android.support:support-v4:23.1.1] AndroidManifest.xml:20:5-43
MERGED from [com.android.support:design:23.1.1] AndroidManifest.xml:20:5-43
MERGED from [com.android.support:appcompat-v7:23.1.1] AndroidManifest.xml:20:5-43
MERGED from [com.android.support:support-v4:23.1.1] AndroidManifest.xml:20:5-43
MERGED from [com.android.support:recyclerview-v7:23.1.1] AndroidManifest.xml:20:5-43
MERGED from [com.android.support:support-v4:23.1.1] AndroidManifest.xml:20:5-43
MERGED from [com.android.support:support-v4:23.1.1] AndroidManifest.xml:20:5-43
	android:targetSdkVersion
		INJECTED from src\main\AndroidManifest.xml
		INJECTED from src\main\AndroidManifest.xml
	android:minSdkVersion
		INJECTED from src\main\AndroidManifest.xml
		INJECTED from src\main\AndroidManifest.xml